<?xml version="1.0" encoding="UTF-8"?>
<testsuites name="Mocha Tests" time="22.999000000000002" tests="5" failures="0" skipped="2">
  <testsuite name="Root Suite" timestamp="2018-07-23T06:30:52" tests="0" failures="0" time="0">
  </testsuite>
  <testsuite name="Login Page" timestamp="2018-07-23T06:30:52" tests="1" failures="0" time="6.832">
    <testcase name="Login Page Login" time="6.832" classname="Login">
    </testcase>
  </testsuite>
  <testsuite name="Landing Page" timestamp="2018-07-23T06:31:00" tests="4" failures="0" time="16.167">
    <testcase name="Landing Page Akses ke Landing Page" time="8.471" classname="Akses ke Landing Page">
    </testcase>
    <testcase name="Landing Page Akses ke OTM Page" time="7.696" classname="Akses ke OTM Page">
    </testcase>
  </testsuite>
</testsuites>